  main.cpp
  ofApp.cpp
  ofxCvColorImage.cpp
  ofxCvContourFinder.cpp
  ofxCvFloatImage.cpp
  ofxCvGrayscaleImage.cpp
  ofxCvHaarFinder.cpp
  ofxCvImage.cpp
  ofxCvShortImage.cpp
  ofxOscBundle.cpp
  ofxOscMessage.cpp
  ofxOscParameterSync.cpp
  ofxOscReceiver.cpp
  ofxOscSender.cpp
  IpEndpointName.cpp
  NetworkingUtils.cpp
..\..\..\..\..\..\Program Files (x86)\openFrameworks\of_v0.9.3_vs_release\addons\ofxOsc\libs\oscpack\src\ip\IpEndpointName.cpp(54): warning C4996: 'sprintf': This function or variable may be unsafe. Consider using sprintf_s instead. To disable deprecation, use _CRT_SECURE_NO_WARNINGS. See online help for details.
  C:\Program Files (x86)\Windows Kits\10\Include\10.0.10240.0\ucrt\stdio.h(1769): note: see declaration of 'sprintf'
..\..\..\..\..\..\Program Files (x86)\openFrameworks\of_v0.9.3_vs_release\addons\ofxOsc\libs\oscpack\src\ip\IpEndpointName.cpp(56): warning C4996: 'sprintf': This function or variable may be unsafe. Consider using sprintf_s instead. To disable deprecation, use _CRT_SECURE_NO_WARNINGS. See online help for details.
  C:\Program Files (x86)\Windows Kits\10\Include\10.0.10240.0\ucrt\stdio.h(1769): note: see declaration of 'sprintf'
..\..\..\..\..\..\Program Files (x86)\openFrameworks\of_v0.9.3_vs_release\addons\ofxOsc\libs\oscpack\src\ip\IpEndpointName.cpp(69): warning C4996: 'sprintf': This function or variable may be unsafe. Consider using sprintf_s instead. To disable deprecation, use _CRT_SECURE_NO_WARNINGS. See online help for details.
  C:\Program Files (x86)\Windows Kits\10\Include\10.0.10240.0\ucrt\stdio.h(1769): note: see declaration of 'sprintf'
..\..\..\..\..\..\Program Files (x86)\openFrameworks\of_v0.9.3_vs_release\addons\ofxOsc\libs\oscpack\src\ip\IpEndpointName.cpp(71): warning C4996: 'sprintf': This function or variable may be unsafe. Consider using sprintf_s instead. To disable deprecation, use _CRT_SECURE_NO_WARNINGS. See online help for details.
  C:\Program Files (x86)\Windows Kits\10\Include\10.0.10240.0\ucrt\stdio.h(1769): note: see declaration of 'sprintf'
..\..\..\..\..\..\Program Files (x86)\openFrameworks\of_v0.9.3_vs_release\addons\ofxOsc\libs\oscpack\src\ip\IpEndpointName.cpp(79): warning C4996: 'sprintf': This function or variable may be unsafe. Consider using sprintf_s instead. To disable deprecation, use _CRT_SECURE_NO_WARNINGS. See online help for details.
  C:\Program Files (x86)\Windows Kits\10\Include\10.0.10240.0\ucrt\stdio.h(1769): note: see declaration of 'sprintf'
..\..\..\..\..\..\Program Files (x86)\openFrameworks\of_v0.9.3_vs_release\addons\ofxOsc\libs\oscpack\src\ip\IpEndpointName.cpp(81): warning C4996: 'sprintf': This function or variable may be unsafe. Consider using sprintf_s instead. To disable deprecation, use _CRT_SECURE_NO_WARNINGS. See online help for details.
  C:\Program Files (x86)\Windows Kits\10\Include\10.0.10240.0\ucrt\stdio.h(1769): note: see declaration of 'sprintf'
  UdpSocket.cpp
..\..\..\..\..\..\Program Files (x86)\openFrameworks\of_v0.9.3_vs_release\addons\ofxOsc\libs\oscpack\src\ip\win32\NetworkingUtils.cpp(88): warning C4996: 'gethostbyname': Use getaddrinfo() or GetAddrInfoW() instead or define _WINSOCK_DEPRECATED_NO_WARNINGS to disable deprecated API warnings
  C:\Program Files (x86)\Windows Kits\8.1\Include\um\winsock2.h(2238): note: see declaration of 'gethostbyname'
  OscOutboundPacketStream.cpp
..\..\..\..\..\..\Program Files (x86)\openFrameworks\of_v0.9.3_vs_release\addons\ofxOsc\libs\oscpack\src\osc\OscOutboundPacketStream.cpp(363): warning C4996: 'strcpy': This function or variable may be unsafe. Consider using strcpy_s instead. To disable deprecation, use _CRT_SECURE_NO_WARNINGS. See online help for details.
  C:\Program Files (x86)\Windows Kits\10\Include\10.0.10240.0\ucrt\string.h(119): note: see declaration of 'strcpy'
..\..\..\..\..\..\Program Files (x86)\openFrameworks\of_v0.9.3_vs_release\addons\ofxOsc\libs\oscpack\src\osc\OscOutboundPacketStream.cpp(605): warning C4996: 'strcpy': This function or variable may be unsafe. Consider using strcpy_s instead. To disable deprecation, use _CRT_SECURE_NO_WARNINGS. See online help for details.
  C:\Program Files (x86)\Windows Kits\10\Include\10.0.10240.0\ucrt\string.h(119): note: see declaration of 'strcpy'
..\..\..\..\..\..\Program Files (x86)\openFrameworks\of_v0.9.3_vs_release\addons\ofxOsc\libs\oscpack\src\osc\OscOutboundPacketStream.cpp(625): warning C4996: 'strcpy': This function or variable may be unsafe. Consider using strcpy_s instead. To disable deprecation, use _CRT_SECURE_NO_WARNINGS. See online help for details.
  C:\Program Files (x86)\Windows Kits\10\Include\10.0.10240.0\ucrt\string.h(119): note: see declaration of 'strcpy'
  OscPrintReceivedElements.cpp
  OscReceivedElements.cpp
..\..\..\..\..\..\Program Files (x86)\openFrameworks\of_v0.9.3_vs_release\addons\ofxOsc\libs\oscpack\src\osc\OscPrintReceivedElements.cpp(129): warning C4996: 'ctime': This function or variable may be unsafe. Consider using ctime_s instead. To disable deprecation, use _CRT_SECURE_NO_WARNINGS. See online help for details.
  C:\Program Files (x86)\Windows Kits\10\Include\10.0.10240.0\ucrt\time.h(475): note: see declaration of 'ctime'
  OscTypes.cpp
     Creating library bin\SuperNotagon_debug.lib and object bin\SuperNotagon_debug.exp
  SuperNotagon.vcxproj -> C:\Users\Zoë\Documents\GitHub\magic\SuperNotagon\bin\SuperNotagon_debug.exe
  SuperNotagon.vcxproj -> bin\SuperNotagon_debug.pdb (Full PDB)
  
  	                   9	C:\Program Files (x86)\openFrameworks\of_v0.9.3_vs_release\export\vs\Win32\
  	    New File  		 2939392	C:\Program Files (x86)\openFrameworks\of_v0.9.3_vs_release\export\vs\Win32\assimp.dll
  	    New File  		 1266176	C:\Program Files (x86)\openFrameworks\of_v0.9.3_vs_release\export\vs\Win32\fmodex.dll
  	    New File  		 1312768	C:\Program Files (x86)\openFrameworks\of_v0.9.3_vs_release\export\vs\Win32\fmodexL.dll
  	    New File  		 5647872	C:\Program Files (x86)\openFrameworks\of_v0.9.3_vs_release\export\vs\Win32\FreeImage.dll
  	    New File  		  580608	C:\Program Files (x86)\openFrameworks\of_v0.9.3_vs_release\export\vs\Win32\freetype.dll
  	    New File  		  237568	C:\Program Files (x86)\openFrameworks\of_v0.9.3_vs_release\export\vs\Win32\glut32.dll
  	    New File  		 1178624	C:\Program Files (x86)\openFrameworks\of_v0.9.3_vs_release\export\vs\Win32\libeay32.dll
  	    New File  		  269824	C:\Program Files (x86)\openFrameworks\of_v0.9.3_vs_release\export\vs\Win32\ssleay32.dll
  	    New File  		   69632	C:\Program Files (x86)\openFrameworks\of_v0.9.3_vs_release\export\vs\Win32\Zlib.dll
